This is pdfTeX, Version 3.1415926-2.6-1.40.14 (TeX Live 2014/dev) (format=pdflatex 2014.4.3)  20 MAY 2014 07:28
entering extended mode
 restricted \write18 enabled.
 %&-line parsing enabled.
**thesis.tex
(./thesis.tex
LaTeX2e <2011/06/27>
Babel <3.9h> and hyphenation patterns for 2 languages loaded.
(./fithesis2.cls
Document Class: fithesis2 2008/12/15 version 0.1 MU thesis class
(/usr/share/texlive/texmf-dist/tex/latex/ntgclass/rapport3.cls
Document Class: rapport3 2004/06/07 v2.1a NTG LaTeX document class
(/usr/share/texlive/texmf-dist/tex/latex/ntgclass/ntg10.clo
File: ntg10.clo 2004/06/07 v2.1a NTG LaTeX file (size option)
)
\unitindent=\dimen102
\othermargin=\dimen103
\c@part=\count79
\c@chapter=\count80
\c@section=\count81
\c@subsection=\count82
\c@subsubsection=\count83
\c@paragraph=\count84
\c@subparagraph=\count85
\c@figure=\count86
\c@table=\count87
\abovecaptionskip=\skip41
\belowcaptionskip=\skip42
LaTeX Info: Redefining \em on input line 826.
\bibindent=\dimen104
)
(/usr/share/texlive/texmf-dist/tex/latex/psnfss/palatino.sty
Package: palatino 2005/04/12 PSNFSS-v9.2a (SPQR) 
) (./fit12.clo
File: fit12.clo 2008/12/15 fithesis2 (size option)
))
(/usr/share/texlive/texmf-dist/tex/generic/babel/babel.sty
Package: babel 2013/12/03 3.9h The Babel package

(/usr/share/texlive/texmf-dist/tex/generic/babel-czech/czech.ldf
Language: czech 2008/07/06 v3.1a Czech support from the babel system

(/usr/share/texlive/texmf-dist/tex/generic/babel/babel.def
File: babel.def 2013/12/03 3.9h Babel common definitions
\babel@savecnt=\count88
\U@D=\dimen105
)

Package babel Warning: No hyphenation patterns were preloaded for
(babel)                the language `Czech' into the format.
(babel)                Please, configure your TeX system to add them and
(babel)                rebuild the format. Now I will use the patterns
(babel)                preloaded for english instead on input line 53.

\l@czech = a dialect from \language0
Package babel Info: Making " an active character on input line 172.
\cs@wordlen=\count89
Package babel Info: Making - an active character on input line 226.
)) (/usr/share/texlive/texmf-dist/tex/latex/base/inputenc.sty
Package: inputenc 2008/03/30 v1.1d Input encoding file
\inpenc@prehook=\toks14
\inpenc@posthook=\toks15

(/usr/share/texlive/texmf-dist/tex/latex/ucs/utf8x.def
File: utf8x.def 2004/10/17 UCS: Input encoding UTF-8
))
(/usr/share/texlive/texmf-dist/tex/latex/ucs/ucs.sty
Package: ucs 2013/05/11 v2.2 UCS: Unicode input support

(/usr/share/texlive/texmf-dist/tex/latex/ucs/data/uni-global.def
File: uni-global.def 2013/05/13 UCS: Unicode global data
)
\uc@secondtry=\count90
\uc@combtoks=\toks16
\uc@combtoksb=\toks17
\uc@temptokena=\toks18
)
(/usr/share/texlive/texmf-dist/tex/latex/base/fontenc.sty
Package: fontenc 2005/09/27 v1.99g Standard LaTeX package

(/usr/share/texlive/texmf-dist/tex/latex/base/t1enc.def
File: t1enc.def 2005/09/27 v1.99g Standard LaTeX file
LaTeX Font Info:    Redeclaring font encoding T1 on input line 43.
))
(/usr/share/texlive/texmf-dist/tex/latex/hyperref/hyperref.sty
Package: hyperref 2012/11/06 v6.83m Hypertext links for LaTeX

(/usr/share/texlive/texmf-dist/tex/generic/oberdiek/hobsub-hyperref.sty
Package: hobsub-hyperref 2012/05/28 v1.13 Bundle oberdiek, subset hyperref (HO)


(/usr/share/texlive/texmf-dist/tex/generic/oberdiek/hobsub-generic.sty
Package: hobsub-generic 2012/05/28 v1.13 Bundle oberdiek, subset generic (HO)
Package: hobsub 2012/05/28 v1.13 Construct package bundles (HO)
Package: infwarerr 2010/04/08 v1.3 Providing info/warning/error messages (HO)
Package: ltxcmds 2011/11/09 v1.22 LaTeX kernel commands for general use (HO)
Package: ifluatex 2010/03/01 v1.3 Provides the ifluatex switch (HO)
Package ifluatex Info: LuaTeX not detected.
Package: ifvtex 2010/03/01 v1.5 Detect VTeX and its facilities (HO)
Package ifvtex Info: VTeX not detected.
Package: intcalc 2007/09/27 v1.1 Expandable calculations with integers (HO)
Package: ifpdf 2011/01/30 v2.3 Provides the ifpdf switch (HO)
Package ifpdf Info: pdfTeX in PDF mode is detected.
Package: etexcmds 2011/02/16 v1.5 Avoid name clashes with e-TeX commands (HO)
Package etexcmds Info: Could not find \expanded.
(etexcmds)             That can mean that you are not using pdfTeX 1.50 or
(etexcmds)             that some package has redefined \expanded.
(etexcmds)             In the latter case, load this package earlier.
Package: kvsetkeys 2012/04/25 v1.16 Key value parser (HO)
Package: kvdefinekeys 2011/04/07 v1.3 Define keys (HO)
Package: pdftexcmds 2011/11/29 v0.20 Utility functions of pdfTeX for LuaTeX (HO
)
Package pdftexcmds Info: LuaTeX not detected.
Package pdftexcmds Info: \pdf@primitive is available.
Package pdftexcmds Info: \pdf@ifprimitive is available.
Package pdftexcmds Info: \pdfdraftmode found.
Package: pdfescape 2011/11/25 v1.13 Implements pdfTeX's escape features (HO)
Package: bigintcalc 2012/04/08 v1.3 Expandable calculations on big integers (HO
)
Package: bitset 2011/01/30 v1.1 Handle bit-vector datatype (HO)
Package: uniquecounter 2011/01/30 v1.2 Provide unlimited unique counter (HO)
)
Package hobsub Info: Skipping package `hobsub' (already loaded).
Package: letltxmacro 2010/09/02 v1.4 Let assignment for LaTeX macros (HO)
Package: hopatch 2012/05/28 v1.2 Wrapper for package hooks (HO)
Package: xcolor-patch 2011/01/30 xcolor patch
Package: atveryend 2011/06/30 v1.8 Hooks at the very end of document (HO)
Package atveryend Info: \enddocument detected (standard20110627).
Package: atbegshi 2011/10/05 v1.16 At begin shipout hook (HO)
Package: refcount 2011/10/16 v3.4 Data extraction from label references (HO)
Package: hycolor 2011/01/30 v1.7 Color options for hyperref/bookmark (HO)
)
(/usr/share/texlive/texmf-dist/tex/latex/graphics/keyval.sty
Package: keyval 1999/03/16 v1.13 key=value parser (DPC)
\KV@toks@=\toks19
)
(/usr/share/texlive/texmf-dist/tex/generic/ifxetex/ifxetex.sty
Package: ifxetex 2010/09/12 v0.6 Provides ifxetex conditional
)
(/usr/share/texlive/texmf-dist/tex/latex/oberdiek/auxhook.sty
Package: auxhook 2011/03/04 v1.3 Hooks for auxiliary files (HO)
)
(/usr/share/texlive/texmf-dist/tex/latex/oberdiek/kvoptions.sty
Package: kvoptions 2011/06/30 v3.11 Key value format for package options (HO)
)
\@linkdim=\dimen106
\Hy@linkcounter=\count91
\Hy@pagecounter=\count92

(/usr/share/texlive/texmf-dist/tex/latex/hyperref/pd1enc.def
File: pd1enc.def 2012/11/06 v6.83m Hyperref: PDFDocEncoding definition (HO)
)
\Hy@SavedSpaceFactor=\count93

(/usr/share/texlive/texmf-dist/tex/latex/latexconfig/hyperref.cfg
File: hyperref.cfg 2002/06/06 v1.2 hyperref configuration of TeXLive
)
Package hyperref Info: Option `draft' set `true' on input line 4319.
Package hyperref Info: Option `plainpages' set `false' on input line 4319.
Package hyperref Info: Option `pdfpagelabels' set `true' on input line 4319.
Package hyperref Info: Option `unicode' set `true' on input line 4319.

(/usr/share/texlive/texmf-dist/tex/latex/hyperref/puenc.def
File: puenc.def 2012/11/06 v6.83m Hyperref: PDF Unicode definition (HO)
)
Package hyperref Info: Hyper figures OFF on input line 4443.
Package hyperref Info: Link nesting OFF on input line 4448.
Package hyperref Info: Hyper index ON on input line 4451.
Package hyperref Info: Plain pages OFF on input line 4458.
Package hyperref Info: Backreferencing OFF on input line 4463.
Package hyperref Info: Implicit mode ON; LaTeX internals redefined.
Package hyperref Info: Bookmarks ON on input line 4688.
\c@Hy@tempcnt=\count94

(/usr/share/texlive/texmf-dist/tex/latex/url/url.sty
\Urlmuskip=\muskip10
Package: url 2006/04/12  ver 3.3  Verb mode for urls, etc.
)
LaTeX Info: Redefining \url on input line 5041.
\XeTeXLinkMargin=\dimen107
\Fld@menulength=\count95
\Field@Width=\dimen108
\Fld@charsize=\dimen109
Package hyperref Info: Hyper figures OFF on input line 6295.
Package hyperref Info: Link nesting OFF on input line 6300.
Package hyperref Info: Hyper index ON on input line 6303.
Package hyperref Info: backreferencing OFF on input line 6310.
Package hyperref Info: Link coloring OFF on input line 6315.
Package hyperref Info: Link coloring with OCG OFF on input line 6320.
Package hyperref Info: PDF/A mode OFF on input line 6325.
LaTeX Info: Redefining \ref on input line 6365.
LaTeX Info: Redefining \pageref on input line 6369.
\Hy@abspage=\count96
\c@Item=\count97
\c@Hfootnote=\count98
)

Package hyperref Message: Driver (autodetected): hpdftex.

(/usr/share/texlive/texmf-dist/tex/latex/hyperref/hpdftex.def
File: hpdftex.def 2012/11/06 v6.83m Hyperref driver for pdfTeX
\Fld@listcount=\count99
\c@bookmark@seq@number=\count100

(/usr/share/texlive/texmf-dist/tex/latex/oberdiek/rerunfilecheck.sty
Package: rerunfilecheck 2011/04/15 v1.7 Rerun checks for auxiliary files (HO)
Package uniquecounter Info: New unique counter `rerunfilecheck' on input line 2
82.
)
\Hy@SectionHShift=\skip43
)
(/usr/share/texlive/texmf-dist/tex/latex/fancyvrb/fancyvrb.sty
Package: fancyvrb 2008/02/07

Style option: `fancyvrb' v2.7a, with DG/SPQR fixes, and firstline=lastline fix 
<2008/02/07> (tvz)
\FV@CodeLineNo=\count101
\FV@InFile=\read1
\FV@TabBox=\box26
\c@FancyVerbLine=\count102
\FV@StepNumber=\count103
\FV@OutFile=\write3
)
(/usr/share/texlive/texmf-dist/tex/latex/graphics/graphicx.sty
Package: graphicx 1999/02/16 v1.0f Enhanced LaTeX Graphics (DPC,SPQR)

(/usr/share/texlive/texmf-dist/tex/latex/graphics/graphics.sty
Package: graphics 2009/02/05 v1.0o Standard LaTeX Graphics (DPC,SPQR)

(/usr/share/texlive/texmf-dist/tex/latex/graphics/trig.sty
Package: trig 1999/03/16 v1.09 sin cos tan (DPC)
)
(/usr/share/texlive/texmf-dist/tex/latex/latexconfig/graphics.cfg
File: graphics.cfg 2010/04/23 v1.9 graphics configuration of TeX Live
)
Package graphics Info: Driver file: pdftex.def on input line 91.

(/usr/share/texlive/texmf-dist/tex/latex/pdftex-def/pdftex.def
File: pdftex.def 2011/05/27 v0.06d Graphics/color for pdfTeX
\Gread@gobject=\count104
))
\Gin@req@height=\dimen110
\Gin@req@width=\dimen111
)
(/usr/share/texlive/texmf-dist/tex/latex/microtype/microtype.sty
Package: microtype 2013/05/23 v2.5a Micro-typographical refinements (RS)
\MT@toks=\toks20
\MT@count=\count105
LaTeX Info: Redefining \textls on input line 766.
\MT@outer@kern=\dimen112
LaTeX Info: Redefining \textmicrotypecontext on input line 1285.
\MT@listname@count=\count106

(/usr/share/texlive/texmf-dist/tex/latex/microtype/microtype-pdftex.def
File: microtype-pdftex.def 2013/05/23 v2.5a Definitions specific to pdftex (RS)

LaTeX Info: Redefining \lsstyle on input line 915.
LaTeX Info: Redefining \lslig on input line 915.
\MT@outer@space=\skip44
)
Package microtype Info: Loading configuration file microtype.cfg.

(/usr/share/texlive/texmf-dist/tex/latex/microtype/microtype.cfg
File: microtype.cfg 2013/05/23 v2.5a microtype main configuration file (RS)
))
(/usr/share/texlive/texmf-dist/tex/latex/cmap/cmap.sty
Package: cmap 2008/03/06 v1.0h CMap support: searchable PDF


Package cmap Warning: fontenc already loaded - some fonts may be unprocessed.

) (/usr/share/texlive/texmf-dist/tex/latex/tex-gyre/tgpagella.sty
Package: tgpagella 2009/09/27 v1.2 TeX Gyre Pagella as default roman family
)
(/usr/share/texlive/texmf-dist/tex/latex/base/fontenc.sty
Package: fontenc 2005/09/27 v1.99g Standard LaTeX package

(/usr/share/texlive/texmf-dist/tex/latex/base/t1enc.def
File: t1enc.def 2005/09/27 v1.99g Standard LaTeX file
LaTeX Font Info:    Redeclaring font encoding T1 on input line 43.
)
LaTeX Font Info:    Try loading font information for T1+qpl on input line 100.

(/usr/share/texlive/texmf-dist/tex/latex/tex-gyre/t1qpl.fd
File: t1qpl.fd 2009/09/25 v1.2 font definition file for T1/qpl
)<<t1.cmap>>)
(/usr/share/texlive/texmf-dist/tex/latex/lm/lmodern.sty
Package: lmodern 2009/10/30 v1.6 Latin Modern Fonts
LaTeX Font Info:    Overwriting symbol font `operators' in version `normal'
(Font)                  OT1/cmr/m/n --> OT1/lmr/m/n on input line 22.
LaTeX Font Info:    Overwriting symbol font `letters' in version `normal'
(Font)                  OML/cmm/m/it --> OML/lmm/m/it on input line 23.
LaTeX Font Info:    Overwriting symbol font `symbols' in version `normal'
(Font)                  OMS/cmsy/m/n --> OMS/lmsy/m/n on input line 24.
LaTeX Font Info:    Overwriting symbol font `largesymbols' in version `normal'
(Font)                  OMX/cmex/m/n --> OMX/lmex/m/n on input line 25.
LaTeX Font Info:    Overwriting symbol font `operators' in version `bold'
(Font)                  OT1/cmr/bx/n --> OT1/lmr/bx/n on input line 26.
LaTeX Font Info:    Overwriting symbol font `letters' in version `bold'
(Font)                  OML/cmm/b/it --> OML/lmm/b/it on input line 27.
LaTeX Font Info:    Overwriting symbol font `symbols' in version `bold'
(Font)                  OMS/cmsy/b/n --> OMS/lmsy/b/n on input line 28.
LaTeX Font Info:    Overwriting symbol font `largesymbols' in version `bold'
(Font)                  OMX/cmex/m/n --> OMX/lmex/m/n on input line 29.
LaTeX Font Info:    Overwriting math alphabet `\mathbf' in version `normal'
(Font)                  OT1/cmr/bx/n --> OT1/lmr/bx/n on input line 31.
LaTeX Font Info:    Overwriting math alphabet `\mathsf' in version `normal'
(Font)                  OT1/cmss/m/n --> OT1/lmss/m/n on input line 32.
LaTeX Font Info:    Overwriting math alphabet `\mathit' in version `normal'
(Font)                  OT1/cmr/m/it --> OT1/lmr/m/it on input line 33.
LaTeX Font Info:    Overwriting math alphabet `\mathtt' in version `normal'
(Font)                  OT1/cmtt/m/n --> OT1/lmtt/m/n on input line 34.
LaTeX Font Info:    Overwriting math alphabet `\mathbf' in version `bold'
(Font)                  OT1/cmr/bx/n --> OT1/lmr/bx/n on input line 35.
LaTeX Font Info:    Overwriting math alphabet `\mathsf' in version `bold'
(Font)                  OT1/cmss/bx/n --> OT1/lmss/bx/n on input line 36.
LaTeX Font Info:    Overwriting math alphabet `\mathit' in version `bold'
(Font)                  OT1/cmr/bx/it --> OT1/lmr/bx/it on input line 37.
LaTeX Font Info:    Overwriting math alphabet `\mathtt' in version `bold'
(Font)                  OT1/cmtt/m/n --> OT1/lmtt/m/n on input line 38.
)
(/usr/share/texlive/texmf-dist/tex/latex/listings/listings.sty
\lst@mode=\count107
\lst@gtempboxa=\box27
\lst@token=\toks21
\lst@length=\count108
\lst@currlwidth=\dimen113
\lst@column=\count109
\lst@pos=\count110
\lst@lostspace=\dimen114
\lst@width=\dimen115
\lst@newlines=\count111
\lst@lineno=\count112
\lst@maxwidth=\dimen116

(/usr/share/texlive/texmf-dist/tex/latex/listings/lstmisc.sty
File: lstmisc.sty 2013/08/26 1.5b (Carsten Heinz)
\c@lstnumber=\count113
\lst@skipnumbers=\count114
\lst@framebox=\box28
)
(/usr/share/texlive/texmf-dist/tex/latex/listings/listings.cfg
File: listings.cfg 2013/08/26 1.5b listings configuration
))
Package: listings 2013/08/26 1.5b (Carsten Heinz)
 (./thesis.aux)
\openout1 = `thesis.aux'.

LaTeX Font Info:    Checking defaults for OML/cmm/m/it on input line 31.
LaTeX Font Info:    ... okay on input line 31.
LaTeX Font Info:    Checking defaults for T1/cmr/m/n on input line 31.
LaTeX Font Info:    ... okay on input line 31.
LaTeX Font Info:    Checking defaults for OT1/cmr/m/n on input line 31.
LaTeX Font Info:    ... okay on input line 31.
LaTeX Font Info:    Checking defaults for OMS/cmsy/m/n on input line 31.
LaTeX Font Info:    ... okay on input line 31.
LaTeX Font Info:    Checking defaults for OMX/cmex/m/n on input line 31.
LaTeX Font Info:    ... okay on input line 31.
LaTeX Font Info:    Checking defaults for U/cmr/m/n on input line 31.
LaTeX Font Info:    ... okay on input line 31.
LaTeX Font Info:    Checking defaults for PD1/pdf/m/n on input line 31.
LaTeX Font Info:    ... okay on input line 31.
LaTeX Font Info:    Checking defaults for PU/pdf/m/n on input line 31.
LaTeX Font Info:    ... okay on input line 31.
LaTeX Font Info:    Try loading font information for T1+lmr on input line 31.
(/usr/share/texlive/texmf-dist/tex/latex/lm/t1lmr.fd
File: t1lmr.fd 2009/10/30 v1.6 Font defs for Latin Modern
)
(/usr/share/texlive/texmf-dist/tex/latex/ucs/ucsencs.def
File: ucsencs.def 2011/01/21 Fixes to fontencodings LGR, T3
)
\AtBeginShipoutBox=\box29


Package hyperref Warning: Draft mode on.

Package hyperref Info: Link coloring OFF on input line 31.
(/usr/share/texlive/texmf-dist/tex/latex/hyperref/nameref.sty
Package: nameref 2012/10/27 v2.43 Cross-referencing by name of section

(/usr/share/texlive/texmf-dist/tex/generic/oberdiek/gettitlestring.sty
Package: gettitlestring 2010/12/03 v1.4 Cleanup title references (HO)
)
\c@section@level=\count115
)
LaTeX Info: Redefining \ref on input line 31.
LaTeX Info: Redefining \pageref on input line 31.
LaTeX Info: Redefining \nameref on input line 31.

(/usr/share/texlive/texmf-dist/tex/context/base/supp-pdf.mkii
[Loading MPS to PDF converter (version 2006.09.02).]
\scratchcounter=\count116
\scratchdimen=\dimen117
\scratchbox=\box30
\nofMPsegments=\count117
\nofMParguments=\count118
\everyMPshowfont=\toks22
\MPscratchCnt=\count119
\MPscratchDim=\dimen118
\MPnumerator=\count120
\makeMPintoPDFobject=\count121
\everyMPtoPDFconversion=\toks23
) (/usr/share/texlive/texmf-dist/tex/latex/oberdiek/epstopdf-base.sty
Package: epstopdf-base 2010/02/09 v2.5 Base part for package epstopdf

(/usr/share/texlive/texmf-dist/tex/latex/oberdiek/grfext.sty
Package: grfext 2010/08/19 v1.1 Manage graphics extensions (HO)
)
Package grfext Info: Graphics extension search list:
(grfext)             [.png,.pdf,.jpg,.mps,.jpeg,.jbig2,.jb2,.PNG,.PDF,.JPG,.JPE
G,.JBIG2,.JB2,.eps]
(grfext)             \AppendGraphicsExtensions on input line 452.

(/usr/share/texlive/texmf-dist/tex/latex/latexconfig/epstopdf-sys.cfg
File: epstopdf-sys.cfg 2010/07/13 v1.3 Configuration of (r)epstopdf for TeX Liv
e
))
LaTeX Info: Redefining \microtypecontext on input line 31.


Package microtype Warning: `draft' option active.
(microtype)                Disabling all micro-typographic extensions.
(microtype)                This might lead to different line and page breaks.

\c@lstlisting=\count122
(/usr/share/texlive/texmf-dist/tex/latex/ucs/data/uni-1.def
File: uni-1.def 2013/05/13 UCS: Unicode data U+0100..U+01FF
)
(/usr/share/texlive/texmf-dist/tex/latex/ucs/data/uni-0.def
File: uni-0.def 2013/05/13 UCS: Unicode data U+0000..U+00FF
) [1

{/usr/share/texlive/texmf-dist/fonts/map/pdftex/updmap/pdftex.map}] [1

] [2

] [3

]
Overfull \hbox (8.59007pt too wide) in paragraph at lines 52--53
\T1/lmr/m/n/12 Amazon Sim-pleDB, JBoss Teiid, JBoss, datab·ze, re-la£nÌ p∞Ìstup
, NoSQL |
 []

[4

] (./thesis.toc
LaTeX Font Info:    Try loading font information for OT1+lmr on input line 2.
 (/usr/share/texlive/texmf-dist/tex/latex/lm/ot1lmr.fd
File: ot1lmr.fd 2009/10/30 v1.6 Font defs for Latin Modern
)<<ot1.cmap>>
LaTeX Font Info:    Try loading font information for OML+lmm on input line 2.
 (/usr/share/texlive/texmf-dist/tex/latex/lm/omllmm.fd
File: omllmm.fd 2009/10/30 v1.6 Font defs for Latin Modern
)
LaTeX Font Info:    Try loading font information for OMS+lmsy on input line 2.

(/usr/share/texlive/texmf-dist/tex/latex/lm/omslmsy.fd
File: omslmsy.fd 2009/10/30 v1.6 Font defs for Latin Modern
)
LaTeX Font Info:    Try loading font information for OMX+lmex on input line 2.

(/usr/share/texlive/texmf-dist/tex/latex/lm/omxlmex.fd
File: omxlmex.fd 2009/10/30 v1.6 Font defs for Latin Modern
)
LaTeX Font Info:    External font `lmex10' loaded for size
(Font)              <12> on input line 2.
LaTeX Font Info:    External font `lmex10' loaded for size
(Font)              <8> on input line 2.
LaTeX Font Info:    External font `lmex10' loaded for size
(Font)              <6> on input line 2.

Overfull \hbox (4.72401pt too wide) in paragraph at lines 37--37
 [][] []\T1/lmr/m/n/12 NastavenÌ z·-su-vnÈho mod-ulu maven as-sem-bly plu- |
 []

[1


])
\tf@toc=\write4
\openout4 = `thesis.toc'.

 [2]
Kapitola 1.

Overfull \hbox (3.68532pt too wide) in paragraph at lines 61--62
[]\T1/lmr/m/n/12 Teiid ji∫ umÌ ko-mu-niko-vat s ne-j£ast•ji pou∫Ì-van˝mi zdroji
 dat, jak˝mi|
 []

LaTeX Font Info:    Try loading font information for T1+lmtt on input line 67.
(/usr/share/texlive/texmf-dist/tex/latex/lm/t1lmtt.fd
File: t1lmtt.fd 2009/10/30 v1.6 Font defs for Latin Modern
) [3

]
Kapitola 2.

Underfull \hbox (badness 10000) in paragraph at lines 80--80
[][][]\T1/lmr/m/n/10 kompletnÌ sez-nam pro-dukt∑ a pro-jekt∑ ob-sa∫en˝ch v Red 
Hat
 []


Underfull \hbox (badness 10000) in paragraph at lines 80--80
\T1/lmr/m/n/10 JBoss Data Vir-tu-al-iza-tion i s pou∫it˝mi verzemi k naleznutÌ 
na
 []

[4

]
LaTeX Font Info:    Try loading font information for OMS+lmr on input line 93.
 (/usr/share/texlive/texmf-dist/tex/latex/lm/omslmr.fd
File: omslmr.fd 2009/10/30 v1.6 Font defs for Latin Modern
)
LaTeX Font Info:    Font shape `OMS/lmr/m/n' in size <12> not available
(Font)              Font shape `OMS/lmsy/m/n' tried instead on input line 93.

Overfull \hbox (1.12668pt too wide) in paragraph at lines 99--100
\T1/lmr/m/n/12 notliv˝m datab·-zov˝m sys-tÈm∑m a zdro-j∑m dat jis-tou au-tonomi
i.|
 []


Overfull \hbox (6.01791pt too wide) in paragraph at lines 103--104
[]\T1/lmr/m/n/12 Vedle au-tonomie jed-notliv˝ch sub-sytÈm∑ je dal≤Ìm hlavnÌm ˙k
olem|
 []


Overfull \hbox (20.34811pt too wide) in paragraph at lines 103--104
\T1/lmr/m/n/12 ero-gen-nÌmi sys-tÈmy. Jed-notlivÈ sys-tÈmu m∑∫ou b˝t nap∞Ìk-lad
 soubory|
 []


Overfull \hbox (0.38661pt too wide) in paragraph at lines 113--114
[]\T1/lmr/m/n/12 Jedn· se o srdce pro-jektu, kterÈ zpra-cov-·v· re-la£nÌ, XML, 
XQuery|
 []

[5] [6] [7]
Kapitola 3.

Overfull \hbox (0.40198pt too wide) in paragraph at lines 158--159
[]\T1/lmr/m/n/12 Analogie k jednÈ tab-ulce v tab-ulkovÈm pro-ce-soru. Ob-sahuje
 ∞·dky|
 []


Overfull \hbox (3.20837pt too wide) in paragraph at lines 161--162
[]\T1/lmr/m/n/12 ê·dky tab-ulky. Reprezen-tujÌ jed-notlivÈ ob-jekty ulo∫enÈ v d
atab·zi|
 []


Overfull \hbox (11.1729pt too wide) in paragraph at lines 171--172
\T1/lmr/m/n/12 NavÌc m· ka∫d˝ prvek domÈny (∞·dek tab-ulky) povinn˝ atribut []\
T1/lmtt/m/n/12 ItemName\T1/lmr/m/n/12 ,|
 []

[8

] [9] <ConsistencyExample.pdf, id=58, 401.5pt x 160.6pt> [10]
Overfull \hbox (9.5595pt too wide) in paragraph at lines 198--210
[]\T1/lmr/m/n/12 Z·kladnÌ rozdÌl mezi konzis-tent-nÌm a even-tu·ln• konzis-tent
-nÌm £tenÌm|
 []

[11]
Kapitola 4.

Overfull \hbox (15.3505pt too wide) in paragraph at lines 227--228
\T1/lmr/m/n/12 polo∫ky. Umo∫¨uje speci-fiko-vat je-den, £i vÌce po∫adovan˝ch at
ribut∑,|
 []

[12

]
Overfull \hbox (3.42136pt too wide) in paragraph at lines 235--236
[]\T1/lmr/m/n/12 Tato vlast-nost se d· pou∫Ìt nap∞Ìk-lad pro im-ple-mentaci £Ì-
ta£e (p∞e£te|
 []


Overfull \hbox (35.91182pt too wide) in paragraph at lines 243--244
[]\T1/lmr/m/n/12 Kanonizov·nÌ ∞et•zce dotazu (se∞azenÌ parametr∑, za-kÛ-dov·nÌ 
parametr∑|
 []


Overfull \hbox (2.06735pt too wide) in paragraph at lines 244--245
[]\T1/lmr/m/n/12 Vypo£Ìt·nÌ HMAC[] z kan-on-i-zo-vanÈho tex-tovÈho ∞et•zce za p
ou∫itÌ|
 []

[13]
Underfull \hbox (badness 10000) in paragraph at lines 251--251
[][][]\T1/lmr/m/n/10 Webov· str·nka pro-jektu: https://code.google.com/p/simple
db-jdbc/ a
 []

[14] [15]
Kapitola 5.

Overfull \hbox (7.20099pt too wide) in paragraph at lines 256--257
\T1/lmr/m/n/12 Teiid dotazy na dotazy datab·ze Sim-pleDB. KonkrÈtn• se jedn· o 
p∞Ìkazy|
 []

[16

]
Overfull \hbox (13.94885pt too wide) in paragraph at lines 278--279
[]\T1/lmr/m/n/12 Dotazu ob-sahu-jÌcÌmu atribut []\T1/lmtt/m/n/12 itemName() \T1
/lmr/m/n/12 (povinn˝ unik·tnÌ atribut,|
 []


Overfull \hbox (25.86224pt too wide) in paragraph at lines 278--279
\T1/lmr/m/n/12 datab·ze vr·tÌ chybu. Toto platÌ s v˝jimkou dotazu, kdy je []\T1
/lmtt/m/n/12 itemName()|
 []


Overfull \hbox (10.25781pt too wide) in paragraph at lines 280--281
\T1/lmr/m/n/12 hod-noty atributu []\T1/lmtt/m/n/12 itemName() \T1/lmr/m/n/12 v≤
ech polo∫ek v domÈn• []\T1/lmtt/m/n/12 TestDomain\T1/lmr/m/n/12 : |
 []


Overfull \hbox (0.90738pt too wide) in paragraph at lines 288--289
[]\T1/lmr/m/n/12 Dal≤Ì prob-lÈm m∑∫e vyv-s-tat ve \T1/lmtt/m/n/12 WHERE \T1/lmr
/m/n/12 £·sti v˝razu. T•mto potÌ∫Ìm|
 []

[17]
Overfull \hbox (9.4631pt too wide) in paragraph at lines 296--297
\T1/lmr/m/n/12 polo∫ek, kterÈ majÌ b˝t smaz·ny a ty n·sledn• po-mocÌ []\T1/lmtt
/m/n/12 DeleteAttributes|
 []

[18]
Kapitola 6.

Overfull \hbox (0.83153pt too wide) in paragraph at lines 312--313
[][]\T1/lmtt/m/n/12 SimpleDBAPIClass \T1/lmr/m/n/12 je t∞Ìda za-obalu-jÌcÌ pot∞
ebnÈ p∞Ìkazy datab·ze|
 []


Overfull \hbox (15.38287pt too wide) in paragraph at lines 312--313
\T1/lmtt/m/n/12 getAttributeNames(String domainName)\T1/lmr/m/n/12 , kter· vrac
Ì jmÈna v≤ech|
 []


Overfull \hbox (14.17993pt too wide) in paragraph at lines 312--313
\T1/lmr/m/n/12 jmÈna v≤ech atribut∑ (nes-ta£Ì dot·zat se nap∞Ìk-lad na jednu po
lo∫ku,|
 []

[19

]
Overfull \hbox (17.00134pt too wide) in paragraph at lines 318--319
\T1/lmr/m/n/12 Zde bylo d∑le∫itÈ uzp∑-so-bit tuto z·k-ladnÌ im-ple-mentaci pot∞
e-b·m datab·ze|
 []


Overfull \hbox (27.62334pt too wide) in paragraph at lines 320--322
\T1/lmr/m/n/12 £·stÌ je im-ple-men-tace ab-strak-tnÌ metody \T1/lmtt/m/n/12 cre
teConnectionFactory()\T1/lmr/m/n/12 ,|
 []


Overfull \hbox (2.56729pt too wide) in paragraph at lines 320--322
\T1/lmr/m/n/12 po-mocÌ kterÈ je vytvo∞ena in-stance \T1/lmtt/m/n/12 ConnectionF
actory\T1/lmr/m/n/12 . Ta slou∫Ì|
 []


Overfull \hbox (5.86252pt too wide) in paragraph at lines 323--324
[]\T1/lmr/m/n/12 Jako im-ple-men-tace rozhranÌ \T1/lmtt/m/n/12 Connection \T1/l
mr/m/n/12 zde slou∫Ì t∞Ìda \T1/lmtt/m/n/12 SimpleDB|
 []


Overfull \hbox (2.06865pt too wide) in paragraph at lines 323--324
\T1/lmtt/m/n/12 ConnectionImpl\T1/lmr/m/n/12 . Ta krom• im-ple-men-tov·nÌ rozhr
anÌ \T1/lmtt/m/n/12 Connection|
 []


Overfull \hbox (3.66725pt too wide) in paragraph at lines 323--324
\T1/lmr/m/n/12 priv·tnÌ prom•nnÈ, kter· je potÈ dos-tupn· po-mocÌ jejÌ \T1/lmtt
/m/n/12 get \T1/lmr/m/n/12 metody. |
 []

[20]
Overfull \hbox (3.29141pt too wide) in paragraph at lines 325--326
\T1/lmr/m/n/12 snadno volat metody defi-no-vanÈ v \T1/lmtt/m/n/12 SimpleDBAPICl
ass \T1/lmr/m/n/12 nap∞. takto: |
 []


Overfull \hbox (28.45543pt too wide) in paragraph at lines 339--340
\T1/lmr/m/n/12 source adapteru (tj. t∞Ìda im-ple-men-tu-jÌcÌ rozhranÌ \T1/lmtt/
m/n/12 Resource Adapter\T1/lmr/m/n/12 ),|
 []


Overfull \hbox (8.92322pt too wide) in paragraph at lines 339--340
\T1/lmr/m/n/12 t∞Ìdu im-ple-men-tu-jÌcÌ rozhranÌ \T1/lmtt/m/n/12 ManagedConnect
ionFactory \T1/lmr/m/n/12 a defin-|
 []


Overfull \hbox (10.28484pt too wide) in paragraph at lines 339--340
\T1/lmr/m/n/12 u-jeme prom•nnÈ pot∞ebnÈ k p∞ipo-jenÌ k Sim-pleDB (ID p∞Ìs-tupov
Èho|
 []


Overfull \hbox (16.52914pt too wide) in paragraph at lines 341--342
\T1/lmr/m/n/12 source Adapter Archive -- RAR (b•∫n˝ Java archive -- JAR s p∞Ìpo
nou|
 []

<TranslatorStructure.pdf, id=95, 430.48328pt x 381.8767pt> [21]
Overfull \hbox (2.59448pt too wide) in paragraph at lines 353--354
\T1/lmr/m/n/12 Z·kladnÌm kamenem Sim-pleDB p∞eklada£e je t∞Ìda \T1/lmtt/m/n/12 
SimpleDBExecution|
 []


Overfull \hbox (6.6161pt too wide) in paragraph at lines 355--356
[]\T1/lmr/m/n/12 Nejprve v tÈto t∞Ìd• na-jdeme metody defin-u-jÌcÌ schop-nosti 
p∞eklada£e.|
 []

[22]
Overfull \hbox (19.31183pt too wide) in paragraph at lines 368--369
[]\T1/lmr/m/n/12 D·le tato t∞Ìda ob-sahuje metodu \T1/lmtt/m/n/12 void getMetad
ata(MetadataFactory|
 []


Overfull \hbox (14.92284pt too wide) in paragraph at lines 368--369
\T1/lmr/m/n/12 vol·nÌm metody \T1/lmtt/m/n/12 getAttributeNames() \T1/lmr/m/n/1
2 (metoda t∞Ìdy \T1/lmtt/m/n/12 SimpleDBAPIClass|
 []


LaTeX Warning: `h' float specifier changed to `ht'.


Overfull \hbox (119.51436pt too wide) in paragraph at lines 402--403
[]\T1/lmr/m/n/12 PoslednÌ dv• im-ple-men-to-vanÈ metody v tÈto t∞Ìd• jsou metod
y \T1/lmtt/m/n/12 createResultSetExecution|
 []


Overfull \hbox (0.71893pt too wide) in paragraph at lines 402--403
\T1/lmr/m/n/12 metoda \T1/lmtt/m/n/12 void execute()\T1/lmr/m/n/12 , je-jÌ∫ im-
ple-men-tace je odpov•dn· za prov·d•nÌ|
 []


Overfull \hbox (15.22789pt too wide) in paragraph at lines 407--409
\T1/lmr/m/n/12 jÌcÌ p∞Ìkazu \T1/lmtt/m/n/12 SELECT \T1/lmr/m/n/12 a nad t•mito 
daty za-vol· metodu \T1/lmtt/m/n/12 performSelect|
 []

[23]
Overfull \hbox (2.95784pt too wide) in paragraph at lines 412--413
\T1/lmtt/m/n/12 INSERT\T1/lmr/m/n/12 , \T1/lmtt/m/n/12 UPDATE\T1/lmr/m/n/12 , \
T1/lmtt/m/n/12 DELETE \T1/lmr/m/n/12 a BatchedUp-date (kter˝ ov≤em p∞eklada£|
 []


Overfull \hbox (1.65729pt too wide) in paragraph at lines 414--415
[]\T1/lmr/m/n/12 Op•t, podobn• jako u \T1/lmtt/m/n/12 createResultSetExecution 
\T1/lmr/m/n/12 je zde pot∞eba|
 []

[24]
Overfull \hbox (14.04575pt too wide) in paragraph at lines 421--422
[]\T1/lmtt/m/n/12 SimpleDBInsertExecute \T1/lmr/m/n/12 je ne-j-jednodu≤≤Ì z tro
-jice ex-ecu-tor∑. Pouze|
 []


Overfull \hbox (0.72203pt too wide) in paragraph at lines 421--422
\T1/lmr/m/n/12 potÈ p∞ed· metod• \T1/lmtt/m/n/12 perform Insert() \T1/lmr/m/n/1
2 API t∞Ìdy. O spr·vnÈ zpra-|
 []

[25]
Overfull \hbox (8.43124pt too wide) in paragraph at lines 437--438
\T1/lmtt/m/n/12 itemName() \T1/lmr/m/n/12 polo∫ek, je∫ odpovÌ-dajÌ pod-mÌnce kl
auzule \T1/lmtt/m/n/12 WHERE\T1/lmr/m/n/12 .|
 []


Overfull \hbox (3.83615pt too wide) in paragraph at lines 443--444
\T1/lmtt/m/n/12 DELETE, INSERT \T1/lmr/m/n/12 m· jinÈ po∫a-davky, proto pro ka∫
d˝ z nich byl vytvo∞en|
 []

[26]
Overfull \hbox (16.88892pt too wide) in paragraph at lines 466--467
\T1/lmtt/m/n/12 LanguageObjectVisitor \T1/lmr/m/n/12 posky-tu-jÌcÌ n·stroje pro
 proch·zenÌ stromu|
 []


Overfull \hbox (2.10347pt too wide) in paragraph at lines 467--468
\T1/lmr/m/n/12 oproti jejÌ nadt∞Ìd• schopna pro-jÌt v≤echny uzly stromu jazykov
˝ch|
 []


Overfull \hbox (15.54727pt too wide) in paragraph at lines 469--470
[]\T1/lmtt/m/n/12 SQLStringVisitor \T1/lmr/m/n/12 je roz≤Ì∞enÌm z·k-ladnÌ ab-st
rak-tnÌ t∞Ìdy \T1/lmtt/m/n/12 Abstract|
 []

[27]
Overfull \hbox (6.39781pt too wide) in paragraph at lines 476--478
\T1/lmtt/m/n/12 SQLStringVisitor \T1/lmr/m/n/12 s p∞etÌ∫en˝ma meto-dama \T1/lmt
t/m/n/12 visit \T1/lmr/m/n/12 pro ob-jekty \T1/lmtt/m/n/12 Select,|
 []


Overfull \hbox (20.05159pt too wide) in paragraph at lines 481--482
[]\T1/lmr/m/n/12 Tato metoda je p∞etÌ∫ena kv∑li nut-nosti odstranit atribut \T1
/lmtt/m/n/12 itemName()|
 []


Overfull \hbox (10.21315pt too wide) in paragraph at lines 484--485
\T1/lmtt/m/n/12 'tabulka'.'sloupec'\T1/lmr/m/n/12 , co∫ pro Sim-pleDB nenÌ ∫·-d
oucÌ a je pot∞eba|
 []


Overfull \hbox (4.97137pt too wide) in paragraph at lines 488--489
\T1/lmtt/m/n/12 Factory \T1/lmr/m/n/12 bylo defi-nov·no, ∫e n·≤ p∞eklada£ op-er
·-tor \T1/lmtt/m/n/12 NOT \T1/lmr/m/n/12 pdporuje),|
 []


Overfull \hbox (11.61832pt too wide) in paragraph at lines 488--489
\T1/lmr/m/n/12 tak, nebo¥ ve chvÌli, kdy p∞eklada£ pod-poruje \T1/lmtt/m/n/12 N
OT \T1/lmr/m/n/12 op-er·-tor, zaru£uje|
 []

[28]
Overfull \hbox (69.25842pt too wide) in paragraph at lines 500--501
\T1/lmr/m/n/12 jeho \T1/lmtt/m/n/12 visit \T1/lmr/m/n/12 metod pro parame-try t
ypu \T1/lmtt/m/n/12 ColumnReference \T1/lmr/m/n/12 a \T1/lmtt/m/n/12 Expression
ValueSource\T1/lmr/m/n/12 . |
 []


Overfull \hbox (16.41139pt too wide) in paragraph at lines 502--503
\T1/lmr/m/n/12 sloupc∑. PotÈ se p∞i n·v≤t•v• \T1/lmtt/m/n/12 ExpressionValueSou
rce \T1/lmr/m/n/12 (ek-vi-va-lent klauzuli|
 []


Overfull \hbox (0.58128pt too wide) in paragraph at lines 504--505
\T1/lmtt/m/n/12 ColumnsValuesMap(Insert insert)\T1/lmr/m/n/12 , ta in-stan-ci-u
je vlastnÌ t∞Ìdu p∞ed·|
 []


Overfull \hbox (7.07909pt too wide) in paragraph at lines 507--508
\T1/lmr/m/n/12 nav≤t•vov·nÌ polo∫ek p∞Ìkazu spu≤t•no v kon-struk-toru, tedy p∞i
 vytvo∞enÌ|
 []

[29]
Overfull \hbox (0.21774pt too wide) in paragraph at lines 518--519
[]\T1/lmr/m/n/12 HlavnÌm ˙kolem metody \T1/lmtt/m/n/12 visit(Comparison obj) \T
1/lmr/m/n/12 je zÌsk·nÌ hod-|
 []


Overfull \hbox (21.09534pt too wide) in paragraph at lines 534--535
\T1/lmr/m/n/12 in-stance nav≤t•vo-vanÈho ob-jektu p∞i-jÌm· takÈ API t∞Ìdu \T1/l
mtt/m/n/12 SimpleDBAPIClass|
 []


Overfull \hbox (12.83081pt too wide) in paragraph at lines 540--541
\T1/lmr/m/n/12 datab·ze Sim-pleDB jednoduch˝m \T1/lmtt/m/n/12 SELECT \T1/lmr/m/
n/12 p∞Ìkazem s \T1/lmtt/m/n/12 WHERE \T1/lmr/m/n/12 klauzulÌ|
 []


Overfull \hbox (30.7896pt too wide) in paragraph at lines 540--541
\T1/lmr/m/n/12 danÈho \T1/lmtt/m/n/12 DELETE \T1/lmr/m/n/12 p∞Ìkazu (vy-gen-ero
vanou po-mocÌ \T1/lmtt/m/n/12 SimpleDBSQLVisitor\T1/lmr/m/n/12 ). |
 []

[30] <mavenStructure.pdf, id=128, 199.21928pt x 270.33498pt> [31]
Overfull \hbox (9.67851pt too wide) in paragraph at lines 558--559
\T1/lmr/m/n/12 v pom.xml z·vis-losti, rodi£ovskÈ pom.xml a v rodi£ovskÈm pom.xm
l|
 []


Overfull \hbox (17.51003pt too wide) in paragraph at lines 563--565
\T1/lmr/m/n/12 tavenÌ pro-jektu jako \T1/lmtt/m/n/12 rar \T1/lmr/m/n/12 je pou∫
it z·-su-vn˝ modul \T1/lmtt/m/n/12 maven-rar-plugin|
 []


Overfull \hbox (127.92989pt too wide) in paragraph at lines 568--569
\T1/lmr/m/n/12 jis-tit, aby v souboru \T1/lmtt/m/n/12 pom.xml \T1/lmr/m/n/12 by
l defi-nov·n spr·vn˝ rodi£ (\T1/lmtt/m/n/12 org.jboss.teiid:connectors\T1/lmr/m
/n/12 )|
 []

[32]
Overfull \hbox (9.71065pt too wide) in paragraph at lines 576--577
[]\T1/lmtt/m/n/12 Teiid Embedded \T1/lmr/m/n/12 je odle-h£en· verze Tei-idu pro
 pou∫itÌ bez ap-lika£nÌho|
 []


Overfull \hbox (7.71275pt too wide) in paragraph at lines 585--586
\T1/lmr/m/n/12 z to-hoto kon-figua£nÌho souboru (tzv. as-sem-bly de-scrip-tor).
 V tomto|
 []

[33] [34]
Kapitola 7.
<relationStructure.pdf, id=142, 470.9846pt x 185.5432pt>
Overfull \hbox (15.43819pt too wide) in paragraph at lines 640--641
 [][] |
 []


LaTeX Warning: `h' float specifier changed to `ht'.

<simpledbStructure.pdf, id=143, 215.85645pt x 152.44453pt>

LaTeX Warning: `h' float specifier changed to `ht'.

[35

] <kompromisStructure.pdf, id=147, 362.30357pt x 170.46184pt>

LaTeX Warning: `h' float specifier changed to `ht'.


Underfull \vbox (badness 10000) has occurred while \output is active []

 [36]
[37]
Kapitola 8.
(./thesis.bbl [38

] [39

]) [40]
P\v {r}\'{\i }loha A.

Overfull \hbox (6.97598pt too wide) in paragraph at lines 701--702
[]\T1/lmr/m/n/12 The JBoss En-ter-prise Ap-pli-ca-tion Plat-form (EAP) 6.1 (and
 higher)|
 []

[41

]
Overfull \hbox (17.0159pt too wide) in paragraph at lines 714--715
\T1/lmr/m/n/12 will be demon-strated us-ing Squir-rel SQL client - http://squir
rel-|
 []


Overfull \hbox (76.09306pt too wide) in paragraph at lines 721--721
\T1/lmr/m/n/10 https://community.jboss.org/wiki/TeiidEclipseDevEnvironmentSetUp
AndBuildingRuntimeArtifacts| |
 []


Overfull \hbox (53.73436pt too wide) in paragraph at lines 725--726
[]\T1/lmr/m/n/12 Download lat-est Teiid Run-time from http://www.jboss.org/teii
d/downloads|
 []

[42]
Overfull \hbox (28.07204pt too wide) in paragraph at lines 768--769
[]\T1/lmr/m/n/12 Save this file to your AS de-ploy folder (\T1/lmtt/m/n/12 $AS_
ROOT_DIRECTORY/|
 []


Overfull \hbox (41.26749pt too wide) in paragraph at lines 776--777
[]\T1/lmr/m/n/12 Clone git repos-i-tory https://github.com/rhopp/teiidSimpleDBQ
uickstart |
 []

<exampleStructure.png, id=170, 295.504pt x 286.671pt> [43]
Overfull \hbox (91.36786pt too wide) in paragraph at lines 797--798
[]\T1/lmr/m/n/12 Download Teiid JDBC driver from http://www.jboss.org/teiid/dow
nloads |
 []


Overfull \hbox (6.54146pt too wide) in paragraph at lines 801--802
[]\T1/lmr/m/n/12 As class name put org.teiid.jdbc.TeiidDriver as shown|
 []

<driver.png, id=175, 554.07pt x 408.77719pt>
Overfull \hbox (26.49637pt too wide) in paragraph at lines 805--807
 [][] |
 []


LaTeX Warning: `h' float specifier changed to `ht'.

[44] [45] <newAlias.png, id=183, 444.15938pt x 336.50719pt> [46] [47]
P\v {r}\'{\i }loha B.

Overfull \hbox (2.183pt too wide) in paragraph at lines 870--871
[]\T1/lmr/m/n/12 Slo∫ka \T1/lmtt/m/n/12 teiid-fork \T1/lmr/m/n/12 s kom-plet-nÌ
mi zdro-jov˝mi kÛdy pro-jektu Teiid|
 []

Package atveryend Info: Empty hook `BeforeClearDocument' on input line 876.
[48

]
Package atveryend Info: Empty hook `AfterLastShipout' on input line 876.
 (./thesis.aux)
Package atveryend Info: Executing hook `AtVeryEndDocument' on input line 876.
Package atveryend Info: Empty hook `AtEndAfterFileList' on input line 876.
Package atveryend Info: Empty hook `AtVeryVeryEnd' on input line 876.
 ) 
Here is how much of TeX's memory you used:
 13732 strings out of 495034
 196305 string characters out of 6181678
 292748 words of memory out of 5000000
 16761 multiletter control sequences out of 15000+600000
 61361 words of font info for 44 fonts, out of 8000000 for 9000
 15 hyphenation exceptions out of 8191
 30i,8n,35p,1262b,733s stack positions out of 5000i,500n,10000p,200000b,80000s
{/usr/share/texlive/texmf-dist/fonts/enc/dvips/lm/lm-ec.enc}{/usr/share/texli
ve/texmf-dist/fonts/enc/dvips/lm/lm-mathsy.enc} <./fi-logo.514pk></usr/share/te
xlive/texmf-dist/fonts/type1/public/lm/lmb10.pfb></usr/share/texlive/texmf-dist
/fonts/type1/public/lm/lmcsc10.pfb></usr/share/texlive/texmf-dist/fonts/type1/p
ublic/lm/lmr10.pfb></usr/share/texlive/texmf-dist/fonts/type1/public/lm/lmr12.p
fb></usr/share/texlive/texmf-dist/fonts/type1/public/lm/lmr6.pfb></usr/share/te
xlive/texmf-dist/fonts/type1/public/lm/lmr8.pfb></usr/share/texlive/texmf-dist/
fonts/type1/public/lm/lmro12.pfb></usr/share/texlive/texmf-dist/fonts/type1/pub
lic/lm/lmsy10.pfb></usr/share/texlive/texmf-dist/fonts/type1/public/lm/lmtt10.p
fb></usr/share/texlive/texmf-dist/fonts/type1/public/lm/lmtt12.pfb>
Output written on thesis.pdf (53 pages, 381929 bytes).
PDF statistics:
 286 PDF objects out of 1000 (max. 8388607)
 155 compressed objects within 2 object streams
 0 named destinations out of 1000 (max. 500000)
 54 words of extra memory for PDF output out of 10000 (max. 10000000)

