\BOOKMARK [0][-]{chapter.1}{\376\377\000\332\000v\000o\000d}{}% 1
\BOOKMARK [0][-]{chapter.2}{\376\377\000J\000B\000o\000s\000s\000\040\000T\000e\000i\000i\000d}{}% 2
\BOOKMARK [1][-]{section.2.1}{\376\377\000\040\001\014\000\341\000s\000t\000i\000\040\000J\000B\000o\000s\000s\000\040\000T\000e\000i\000i\000d}{chapter.2}% 3
\BOOKMARK [0][-]{chapter.3}{\376\377\000A\000m\000a\000z\000o\000n\000\040\000S\000i\000m\000p\000l\000e\000D\000B}{}% 4
\BOOKMARK [1][-]{section.3.1}{\376\377\000\040\000S\000t\000r\000u\000k\000t\000u\000r\000a\000\040\000d\000a\000t\000a\000b\000\341\000z\000e\000\040\000S\000i\000m\000p\000l\000e\000D\000B}{chapter.3}% 5
\BOOKMARK [1][-]{section.3.2}{\376\377\000\040\000V\000l\000a\000s\000t\000n\000o\000s\000t\000i\000\040\000d\000a\000t\000a\000b\000\341\000z\000e\000\040\000A\000m\000a\000z\000o\000n\000\040\000S\000i\000m\000p\000l\000e\000D\000B}{chapter.3}% 6
\BOOKMARK [2][-]{subsection.3.2.1}{\376\377\000\040\000S\000i\000m\000p\000l\000e\000D\000B\000\040\000j\000a\000k\000o\000\040\000s\000l\000u\001\176\000b\000a}{section.3.2}% 7
\BOOKMARK [2][-]{subsection.3.2.2}{\376\377\000\040\000F\000l\000e\000x\000i\000b\000i\000l\000i\000t\000a}{section.3.2}% 8
\BOOKMARK [2][-]{subsection.3.2.3}{\376\377\000\040\000I\000n\000d\000e\000x\000o\000v\000\341\000n\000\355}{section.3.2}% 9
\BOOKMARK [2][-]{subsection.3.2.4}{\376\377\000\040\000K\000o\000n\000z\000i\000s\000t\000e\000n\000c\000e}{section.3.2}% 10
\BOOKMARK [3][-]{section*.6}{\376\377\000\040\000P\001\131\000\355\000k\000l\000a\000d\000\040\000k\000o\000n\000z\000i\000s\000t\000e\000n\000c\000e}{subsection.3.2.4}% 11
\BOOKMARK [2][-]{subsection.3.2.5}{\376\377\000\040\000O\000m\000e\000z\000e\000n\000\355\000\040\000d\000a\000t\000a\000b\000\341\000z\000e\000\040\000S\000i\000m\000p\000l\000e\000D\000B}{section.3.2}% 12
\BOOKMARK [0][-]{chapter.4}{\376\377\000K\000o\000m\000u\000n\000i\000k\000a\000c\000e\000\040\000s\000\040\000d\000a\000t\000a\000b\000\341\000z\000\355\000\040\000A\000m\000a\000z\000o\000n\000\040\000S\000i\000m\000p\000l\000e\000D\000B}{}% 13
\BOOKMARK [1][-]{section.4.1}{\376\377\000\040\000P\001\131\000e\000h\000l\000e\000d\000\040\000p\001\131\000\355\000k\000a\000z\001\157\000\040\000S\000i\000m\000p\000l\000e\000D\000B}{chapter.4}% 14
\BOOKMARK [1][-]{section.4.2}{\376\377\000\040\000P\000o\000d\000m\000\355\000n\001\033\000n\000\351\000\040\000v\000k\000l\000\341\000d\000\341\000n\000\355\000\040\000a\000\040\000m\000a\000z\000\341\000n\000\355\000\040\000d\000a\000t}{chapter.4}% 15
\BOOKMARK [1][-]{section.4.3}{\376\377\000\040\000B\000e\000z\000p\000e\001\015\000n\000o\000s\000t}{chapter.4}% 16
\BOOKMARK [2][-]{subsection.4.3.1}{\376\377\000\040\000P\000r\000o\000c\000e\000s\000\040\000a\000u\000t\000e\000n\000t\000i\000z\000a\000c\000e}{section.4.3}% 17
\BOOKMARK [1][-]{section.4.4}{\376\377\000\040\000K\000n\000i\000h\000o\000v\000n\000y\000\040\000p\000r\000o\000\040\000k\000o\000m\000u\000n\000i\000k\000a\000c\000i}{chapter.4}% 18
\BOOKMARK [0][-]{chapter.5}{\376\377\000M\000a\000p\000o\000v\000\341\000n\000\355\000\040\000T\000e\000i\000i\000d\000\040\000d\000o\000t\000a\000z\001\157\000\040\000n\000a\000\040\000S\000i\000m\000p\000l\000e\000D\000B\000\040\000d\000o\000t\000a\000z\000y}{}% 19
\BOOKMARK [1][-]{section.5.1}{\376\377\000\040\000V\000\355\000c\000e\000h\000o\000d\000n\000o\000t\000o\000v\000\351\000\040\000a\000t\000r\000i\000b\000u\000t\000y}{chapter.5}% 20
\BOOKMARK [1][-]{section.5.2}{\376\377\000\040\000S\000E\000L\000E\000C\000T}{chapter.5}% 21
\BOOKMARK [1][-]{section.5.3}{\376\377\000\040\000I\000N\000S\000E\000R\000T}{chapter.5}% 22
\BOOKMARK [1][-]{section.5.4}{\376\377\000\040\000U\000P\000D\000A\000T\000E}{chapter.5}% 23
\BOOKMARK [1][-]{section.5.5}{\376\377\000\040\000D\000E\000L\000E\000T\000E}{chapter.5}% 24
\BOOKMARK [0][-]{chapter.6}{\376\377\000I\000m\000p\000l\000e\000m\000e\000n\000t\000a\000c\000e}{}% 25
\BOOKMARK [1][-]{section.6.1}{\376\377\000\040\000K\000o\000n\000e\000k\000t\000o\000r}{chapter.6}% 26
\BOOKMARK [2][-]{subsection.6.1.1}{\376\377\000\040\000M\000o\000d\000u\000l\000\040\000s\000i\000m\000p\000l\000e\000d\000b\000-\000a\000p\000i}{section.6.1}% 27
\BOOKMARK [2][-]{subsection.6.1.2}{\376\377\000\040\000M\000o\000d\000u\000l\000\040\000c\000o\000n\000n\000e\000c\000t\000o\000r\000-\000s\000i\000m\000p\000l\000e\000d\000b}{section.6.1}% 28
\BOOKMARK [1][-]{section.6.2}{\376\377\000\040\000P\001\131\000e\000k\000l\000a\000d\000a\001\015}{chapter.6}% 29
\BOOKMARK [2][-]{subsection.6.2.1}{\376\377\000\040\000S\000i\000m\000p\000l\000e\000D\000B\000E\000x\000e\000c\000u\000t\000i\000o\000n\000F\000a\000c\000t\000o\000r\000y}{section.6.2}% 30
\BOOKMARK [2][-]{subsection.6.2.2}{\376\377\000\040\000E\000x\000e\000c\000u\000t\000o\000r\000y}{section.6.2}% 31
\BOOKMARK [2][-]{subsection.6.2.3}{\376\377\000\040\000V\000i\000s\000i\000t\000o\000r\000y}{section.6.2}% 32
\BOOKMARK [3][-]{section*.7}{\376\377\000\040\000N\000\341\000v\000r\000h\000o\000v\000\375\000\040\000v\000z\000o\000r\000\040\000V\000i\000s\000i\000t\000o\000r}{subsection.6.2.3}% 33
\BOOKMARK [3][-]{section*.8}{\376\377\000\040\000J\000a\000z\000y\000k\000o\000v\000\375\000\040\000v\000i\000s\000i\000t\000o\000r\000\040\000v\000\040\000T\000e\000i\000i\000d\000u}{subsection.6.2.3}% 34
\BOOKMARK [3][-]{section*.9}{\376\377\000\040\000S\000i\000m\000p\000l\000e\000D\000B\000S\000Q\000L\000V\000i\000s\000i\000t\000o\000r}{subsection.6.2.3}% 35
\BOOKMARK [3][-]{section*.10}{\376\377\000\040\000S\000i\000m\000p\000l\000e\000D\000B\000I\000n\000s\000e\000r\000t\000V\000i\000s\000i\000t\000o\000r}{subsection.6.2.3}% 36
\BOOKMARK [3][-]{section*.11}{\376\377\000\040\000S\000i\000m\000p\000l\000e\000D\000B\000U\000p\000d\000a\000t\000e\000V\000i\000s\000i\000t\000o\000r}{subsection.6.2.3}% 37
\BOOKMARK [3][-]{section*.12}{\376\377\000\040\000S\000i\000m\000p\000l\000e\000D\000B\000D\000e\000l\000e\000t\000e\000V\000i\000s\000i\000t\000o\000r}{subsection.6.2.3}% 38
\BOOKMARK [1][-]{section.6.3}{\376\377\000\040\000S\000e\000s\000t\000a\000v\000e\000n\000\355}{chapter.6}% 39
\BOOKMARK [2][-]{subsection.6.3.1}{\376\377\000\040\000K\000o\000n\000f\000i\000g\000u\000r\000a\000c\000e\000\040\000j\000e\000d\000n\000o\000t\000l\000i\000v\000\375\000c\000h\000\040\000S\000i\000m\000p\000l\000e\000D\000B\000\040\000m\000o\000d\000u\000l\001\157}{section.6.3}% 40
\BOOKMARK [2][-]{subsection.6.3.2}{\376\377\000\040\000N\000a\000s\000t\000a\000v\000e\000n\000\355\000\040\000z\000\341\000s\000u\000v\000n\000\351\000h\000o\000\040\000m\000o\000d\000u\000l\000u\000\040\000m\000a\000v\000e\000n\000\040\000a\000s\000s\000e\000m\000b\000l\000y\000\040\000p\000l\000u\000g\000i\000n}{section.6.3}% 41
\BOOKMARK [0][-]{chapter.7}{\376\377\000T\000u\000t\000o\000r\000i\000\341\000l}{}% 42
\BOOKMARK [0][-]{chapter.8}{\376\377\000Z\000\341\000v\001\033\000r}{}% 43
